The system is: Windows - 10.0.19044 - AMD64
Compiling the C compiler identification source file "CMakeCCompilerId.c" succeeded.
Compiler:  
Build flags: 
Id flags:  

The output was:
0
用于 .NET Framework 的 Microsoft (R) 生成引擎版本 15.9.21+g9802d43bc3
版权所有(C) Microsoft Corporation。保留所有权利。

生成启动时间为 2023/3/27 10:12:06。
节点 1 上的项目“D:\xianyu\NewREPtrace1\MDC\build\CMakeFiles\3.25.1-msvc1\CompilerIdC\CompilerIdC.vcxproj”(默认目标)。
PrepareForBuild:
  正在创建目录“Debug\”。
  正在创建目录“Debug\CompilerIdC.tlog\”。
InitializeBuildStatus:
  正在创建“Debug\CompilerIdC.tlog\unsuccessfulbuild”，因为已指定“AlwaysCreate”。
VcpkgTripletSelection:
  Using triplet "x64-windows" from "D:\c++\vcpkg\installed\x64-windows\"
ClCompile:
  C:\Program Files (x86)\Microsoft Visual Studio\2017\BuildTools\VC\Tools\MSVC\14.16.27023\bin\HostX86\x64\CL.exe /c /I"D:\c++\vcpkg\installed\x64-windows\include" /nologo /W0 /WX- /diagnostics:classic /Od /D _MBCS /Gm- /EHsc /RTC1 /MDd /GS /fp:precise /Zc:wchar_t /Zc:forScope /Zc:inline /Fo"Debug\\" /Fd"Debug\vc141.pdb" /Gd /TC /FC /errorReport:queue CMakeCCompilerId.c
  CMakeCCompilerId.c
Link:
  C:\Program Files (x86)\Microsoft Visual Studio\2017\BuildTools\VC\Tools\MSVC\14.16.27023\bin\HostX86\x64\link.exe /ERRORREPORT:QUEUE /OUT:".\CompilerIdC.exe" /INCREMENTAL:NO /NOLOGO /LIBPATH:"D:\c++\vcpkg\installed\x64-windows\debug\lib" /LIBPATH:"D:\c++\vcpkg\installed\x64-windows\debug\lib\manual-link" kernel32.lib user32.lib gdi32.lib winspool.lib comdlg32.lib advapi32.lib shell32.lib ole32.lib oleaut32.lib uuid.lib odbc32.lib odbccp32.lib "D:\c++\vcpkg\installed\x64-windows\debug\lib\*.lib" /MANIFEST /MANIFESTUAC:"level='asInvoker' uiAccess='false'" /manifest:embed /PDB:".\CompilerIdC.pdb" /SUBSYSTEM:CONSOLE /TLBID:1 /DYNAMICBASE /NXCOMPAT /IMPLIB:".\CompilerIdC.lib" /MACHINE:X64 Debug\CMakeCCompilerId.obj
  CompilerIdC.vcxproj -> D:\xianyu\NewREPtrace1\MDC\build\CMakeFiles\3.25.1-msvc1\CompilerIdC\.\CompilerIdC.exe
AppLocalFromInstalled:
  C:\WINDOWS\System32\WindowsPowerShell\v1.0\powershell.exe -ExecutionPolicy Bypass -noprofile -File "D:\c++\vcpkg\scripts\buildsystems\msbuild\applocal.ps1" "D:\xianyu\NewREPtrace1\MDC\build\CMakeFiles\3.25.1-msvc1\CompilerIdC\.\CompilerIdC.exe" "D:\c++\vcpkg\installed\x64-windows\debug\bin" "Debug\CompilerIdC.tlog\CompilerIdC.write.1u.tlog" "Debug\vcpkg.applocal.log"
PostBuildEvent:
  for %%i in (cl.exe) do @echo CMAKE_C_COMPILER=%%~$PATH:i
  :VCEnd
  CMAKE_C_COMPILER=C:\Program Files (x86)\Microsoft Visual Studio\2017\BuildTools\VC\Tools\MSVC\14.16.27023\bin\Hostx86\x64\cl.exe
FinalizeBuildStatus:
  正在删除文件“Debug\CompilerIdC.tlog\unsuccessfulbuild”。
  正在对“Debug\CompilerIdC.tlog\CompilerIdC.lastbuildstate”执行 Touch 任务。
已完成生成项目“D:\xianyu\NewREPtrace1\MDC\build\CMakeFiles\3.25.1-msvc1\CompilerIdC\CompilerIdC.vcxproj”(默认目标)的操作。

已成功生成。
    0 个警告
    0 个错误

已用时间 00:00:02.30


Compilation of the C compiler identification source "CMakeCCompilerId.c" produced "CompilerIdC.exe"

Compilation of the C compiler identification source "CMakeCCompilerId.c" produced "CompilerIdC.vcxproj"

The C compiler identification is MSVC, found in "D:/xianyu/NewREPtrace1/MDC/build/CMakeFiles/3.25.1-msvc1/CompilerIdC/CompilerIdC.exe"

Compiling the CXX compiler identification source file "CMakeCXXCompilerId.cpp" succeeded.
Compiler:  
Build flags: 
Id flags:  

The output was:
0
用于 .NET Framework 的 Microsoft (R) 生成引擎版本 15.9.21+g9802d43bc3
版权所有(C) Microsoft Corporation。保留所有权利。

生成启动时间为 2023/3/27 10:12:09。
节点 1 上的项目“D:\xianyu\NewREPtrace1\MDC\build\CMakeFiles\3.25.1-msvc1\CompilerIdCXX\CompilerIdCXX.vcxproj”(默认目标)。
PrepareForBuild:
  正在创建目录“Debug\”。
  正在创建目录“Debug\CompilerIdCXX.tlog\”。
InitializeBuildStatus:
  正在创建“Debug\CompilerIdCXX.tlog\unsuccessfulbuild”，因为已指定“AlwaysCreate”。
VcpkgTripletSelection:
  Using triplet "x64-windows" from "D:\c++\vcpkg\installed\x64-windows\"
ClCompile:
  C:\Program Files (x86)\Microsoft Visual Studio\2017\BuildTools\VC\Tools\MSVC\14.16.27023\bin\HostX86\x64\CL.exe /c /I"D:\c++\vcpkg\installed\x64-windows\include" /nologo /W0 /WX- /diagnostics:classic /Od /D _MBCS /Gm- /EHsc /RTC1 /MDd /GS /fp:precise /Zc:wchar_t /Zc:forScope /Zc:inline /Fo"Debug\\" /Fd"Debug\vc141.pdb" /Gd /TP /FC /errorReport:queue CMakeCXXCompilerId.cpp
  CMakeCXXCompilerId.cpp
Link:
  C:\Program Files (x86)\Microsoft Visual Studio\2017\BuildTools\VC\Tools\MSVC\14.16.27023\bin\HostX86\x64\link.exe /ERRORREPORT:QUEUE /OUT:".\CompilerIdCXX.exe" /INCREMENTAL:NO /NOLOGO /LIBPATH:"D:\c++\vcpkg\installed\x64-windows\debug\lib" /LIBPATH:"D:\c++\vcpkg\installed\x64-windows\debug\lib\manual-link" kernel32.lib user32.lib gdi32.lib winspool.lib comdlg32.lib advapi32.lib shell32.lib ole32.lib oleaut32.lib uuid.lib odbc32.lib odbccp32.lib "D:\c++\vcpkg\installed\x64-windows\debug\lib\*.lib" /MANIFEST /MANIFESTUAC:"level='asInvoker' uiAccess='false'" /manifest:embed /PDB:".\CompilerIdCXX.pdb" /SUBSYSTEM:CONSOLE /TLBID:1 /DYNAMICBASE /NXCOMPAT /IMPLIB:".\CompilerIdCXX.lib" /MACHINE:X64 Debug\CMakeCXXCompilerId.obj
  CompilerIdCXX.vcxproj -> D:\xianyu\NewREPtrace1\MDC\build\CMakeFiles\3.25.1-msvc1\CompilerIdCXX\.\CompilerIdCXX.exe
AppLocalFromInstalled:
  C:\WINDOWS\System32\WindowsPowerShell\v1.0\powershell.exe -ExecutionPolicy Bypass -noprofile -File "D:\c++\vcpkg\scripts\buildsystems\msbuild\applocal.ps1" "D:\xianyu\NewREPtrace1\MDC\build\CMakeFiles\3.25.1-msvc1\CompilerIdCXX\.\CompilerIdCXX.exe" "D:\c++\vcpkg\installed\x64-windows\debug\bin" "Debug\CompilerIdCXX.tlog\CompilerIdCXX.write.1u.tlog" "Debug\vcpkg.applocal.log"
PostBuildEvent:
  for %%i in (cl.exe) do @echo CMAKE_CXX_COMPILER=%%~$PATH:i
  :VCEnd
  CMAKE_CXX_COMPILER=C:\Program Files (x86)\Microsoft Visual Studio\2017\BuildTools\VC\Tools\MSVC\14.16.27023\bin\Hostx86\x64\cl.exe
FinalizeBuildStatus:
  正在删除文件“Debug\CompilerIdCXX.tlog\unsuccessfulbuild”。
  正在对“Debug\CompilerIdCXX.tlog\CompilerIdCXX.lastbuildstate”执行 Touch 任务。
已完成生成项目“D:\xianyu\NewREPtrace1\MDC\build\CMakeFiles\3.25.1-msvc1\CompilerIdCXX\CompilerIdCXX.vcxproj”(默认目标)的操作。

已成功生成。
    0 个警告
    0 个错误

已用时间 00:00:01.47


Compilation of the CXX compiler identification source "CMakeCXXCompilerId.cpp" produced "CompilerIdCXX.exe"

Compilation of the CXX compiler identification source "CMakeCXXCompilerId.cpp" produced "CompilerIdCXX.vcxproj"

The CXX compiler identification is MSVC, found in "D:/xianyu/NewREPtrace1/MDC/build/CMakeFiles/3.25.1-msvc1/CompilerIdCXX/CompilerIdCXX.exe"

Detecting C compiler ABI info compiled with the following output:
Change Dir: D:/xianyu/NewREPtrace1/MDC/build/CMakeFiles/CMakeScratch/TryCompile-zn3xxl

Run Build Command(s):C:/Program Files (x86)/Microsoft Visual Studio/2017/BuildTools/MSBuild/15.0/Bin/MSBuild.exe cmTC_879dc.vcxproj /p:Configuration=Debug /p:Platform=x64 /p:VisualStudioVersion=15.0 /v:m && 用于 .NET Framework 的 Microsoft (R) 生成引擎版本 15.9.21+g9802d43bc3
版权所有(C) Microsoft Corporation。保留所有权利。

  用于 x64 的 Microsoft (R) C/C++ 优化编译器 19.16.27045 版
  版权所有(C) Microsoft Corporation。保留所有权利。
  
  CMakeCCompilerABI.c
  cl /c /I"D:\c++\vcpkg\installed\x64-windows\include" /Zi /W1 /WX- /diagnostics:classic /Od /Ob0 /D _MBCS /D WIN32 /D _WINDOWS /D "CMAKE_INTDIR=\"Debug\"" /Gm- /RTC1 /MDd /GS /fp:precise /Zc:wchar_t /Zc:forScope /Zc:inline /Fo"cmTC_879dc.dir\Debug\\" /Fd"cmTC_879dc.dir\Debug\vc141.pdb" /Gd /TC /errorReport:queue "D:\Program Files\Microsoft Visual Studio\2022\Professional\Common7\IDE\CommonExtensions\Microsoft\CMake\CMake\share\cmake-3.25\Modules\CMakeCCompilerABI.c"
  
  cmTC_879dc.vcxproj -> D:\xianyu\NewREPtrace1\MDC\build\CMakeFiles\CMakeScratch\TryCompile-zn3xxl\Debug\cmTC_879dc.exe



Detecting CXX compiler ABI info compiled with the following output:
Change Dir: D:/xianyu/NewREPtrace1/MDC/build/CMakeFiles/CMakeScratch/TryCompile-2aai21

Run Build Command(s):C:/Program Files (x86)/Microsoft Visual Studio/2017/BuildTools/MSBuild/15.0/Bin/MSBuild.exe cmTC_4487b.vcxproj /p:Configuration=Debug /p:Platform=x64 /p:VisualStudioVersion=15.0 /v:m && 用于 .NET Framework 的 Microsoft (R) 生成引擎版本 15.9.21+g9802d43bc3
版权所有(C) Microsoft Corporation。保留所有权利。

  用于 x64 的 Microsoft (R) C/C++ 优化编译器 19.16.27045 版
  版权所有(C) Microsoft Corporation。保留所有权利。
  
  CMakeCXXCompilerABI.cpp
  cl /c /I"D:\c++\vcpkg\installed\x64-windows\include" /Zi /W1 /WX- /diagnostics:classic /Od /Ob0 /D _MBCS /D WIN32 /D _WINDOWS /D "CMAKE_INTDIR=\"Debug\"" /Gm- /EHsc /RTC1 /MDd /GS /fp:precise /Zc:wchar_t /Zc:forScope /Zc:inline /Fo"cmTC_4487b.dir\Debug\\" /Fd"cmTC_4487b.dir\Debug\vc141.pdb" /Gd /TP /errorReport:queue "D:\Program Files\Microsoft Visual Studio\2022\Professional\Common7\IDE\CommonExtensions\Microsoft\CMake\CMake\share\cmake-3.25\Modules\CMakeCXXCompilerABI.cpp"
  
  cmTC_4487b.vcxproj -> D:\xianyu\NewREPtrace1\MDC\build\CMakeFiles\CMakeScratch\TryCompile-2aai21\Debug\cmTC_4487b.exe



